[2026-04-10 19:01:51][INFO] === 05_binary_gene_function 시작: 2026-04-10 19:01:51 ===
[2026-04-10 19:01:51][INFO] 로그 파일: /home/tunabear2/DW/scFM/results/05_binary_gene_function/run.log
[2026-04-10 19:01:51][INFO] base_weight.ckpt에서 gene_emb 추출 중 (MindSpore CPU)...
[2026-04-10 19:02:16][INFO] gene_emb 저장: shape=torch.Size([24080, 1536]), path=/home/tunabear2/DW/scFM/datasets/CellFM/cellFM_embedding.pt
[2026-04-10 19:02:16][INFO] gene_emb: torch.Size([24080, 1536]), gene_index: 24078
[2026-04-10 19:02:16][INFO] ── 태스크: t1, fold=1 ──
[2026-04-10 19:02:16][INFO]   train=338, test=85
[2026-04-10 19:02:17][INFO]   결과: acc=0.7882, F1=0.5913
[2026-04-10 19:02:17][INFO] ── 태스크: t1, fold=2 ──
[2026-04-10 19:02:18][INFO]   train=337, test=86
[2026-04-10 19:02:18][INFO]   결과: acc=0.8372, F1=0.7434
[2026-04-10 19:02:18][INFO] ── 태스크: t1, fold=3 ──
[2026-04-10 19:02:18][INFO]   train=339, test=84
[2026-04-10 19:02:19][INFO]   결과: acc=0.7976, F1=0.6249
[2026-04-10 19:02:19][INFO] ── 태스크: t2, fold=1 ──
[2026-04-10 19:02:19][INFO]   train=80, test=21
[2026-04-10 19:02:19][INFO]   결과: acc=0.7619, F1=0.6465
[2026-04-10 19:02:19][INFO] ── 태스크: t2, fold=2 ──
[2026-04-10 19:02:20][INFO]   train=80, test=21
[2026-04-10 19:02:20][INFO]   결과: acc=0.9048, F1=0.8456
[2026-04-10 19:02:20][INFO] ── 태스크: t2, fold=3 ──
[2026-04-10 19:02:20][INFO]   train=83, test=18
[2026-04-10 19:02:20][INFO]   결과: acc=0.7222, F1=0.5567
[2026-04-10 19:02:20][INFO] ── 태스크: t3, fold=1 ──
[2026-04-10 19:02:21][INFO]   train=120, test=30
[2026-04-10 19:02:21][INFO]   결과: acc=0.7667, F1=0.7643
[2026-04-10 19:02:21][INFO] ── 태스크: t3, fold=2 ──
[2026-04-10 19:02:21][INFO]   train=119, test=31
[2026-04-10 19:02:21][INFO]   결과: acc=0.8710, F1=0.8708
[2026-04-10 19:02:21][INFO] ── 태스크: t3, fold=3 ──
[2026-04-10 19:02:22][INFO]   train=120, test=30
[2026-04-10 19:02:22][INFO]   결과: acc=0.7000, F1=0.6970
[2026-04-10 19:02:22][INFO] 전체 결과: {'t1_fold1': {'accuracy': 0.788235294117647, 'f1_macro': 0.5913461538461539}, 't1_fold2': {'accuracy': 0.8372093023255814, 'f1_macro': 0.7433930093776642}, 't1_fold3': {'accuracy': 0.7976190476190477, 'f1_macro': 0.6249014972419228}, 't2_fold1': {'accuracy': 0.7619047619047619, 'f1_macro': 0.6464646464646464}, 't2_fold2': {'accuracy': 0.9047619047619048, 'f1_macro': 0.8455882352941176}, 't2_fold3': {'accuracy': 0.7222222222222222, 'f1_macro': 0.5566502463054187}, 't3_fold1': {'accuracy': 0.7666666666666667, 'f1_macro': 0.7643097643097643}, 't3_fold2': {'accuracy': 0.8709677419354839, 'f1_macro': 0.8708333333333333}, 't3_fold3': {'accuracy': 0.7, 'f1_macro': 0.696969696969697}}
[2026-04-10 19:02:22][INFO] 결과 저장: /home/tunabear2/DW/scFM/results/05_binary_gene_function/metrics.json
